0 info it worked if it ends with ok
1 verbose cli [ 'node', '/usr/local/bin/npm', 'install', '-g', 'requirejs' ]
2 info using npm@1.4.4
3 info using node@v0.10.26
4 verbose cache add [ 'requirejs', null ]
5 verbose cache add name=undefined spec="requirejs" args=["requirejs",null]
6 verbose parsed url { protocol: null,
6 verbose parsed url   slashes: null,
6 verbose parsed url   auth: null,
6 verbose parsed url   host: null,
6 verbose parsed url   port: null,
6 verbose parsed url   hostname: null,
6 verbose parsed url   hash: null,
6 verbose parsed url   search: null,
6 verbose parsed url   query: null,
6 verbose parsed url   pathname: 'requirejs',
6 verbose parsed url   path: 'requirejs',
6 verbose parsed url   href: 'requirejs' }
7 silly lockFile f2b16c35-requirejs requirejs
8 verbose lock requirejs /Users/pascalbayer/.npm/f2b16c35-requirejs.lock
9 silly lockFile f2b16c35-requirejs requirejs
10 silly lockFile f2b16c35-requirejs requirejs
11 verbose addNamed [ 'requirejs', '' ]
12 verbose addNamed [ null, '*' ]
13 silly lockFile e9b02655-requirejs requirejs@
14 verbose lock requirejs@ /Users/pascalbayer/.npm/e9b02655-requirejs.lock
15 silly addNameRange { name: 'requirejs', range: '*', hasData: false }
16 verbose url raw requirejs
17 verbose url resolving [ 'https://registry.npmjs.org/', './requirejs' ]
18 verbose url resolved https://registry.npmjs.org/requirejs
19 info trying registry request attempt 1 at 09:04:21
20 verbose etag "2ZBM8W5FYC2FFU48J6Z5N42P0"
21 http GET https://registry.npmjs.org/requirejs
22 http 304 https://registry.npmjs.org/requirejs
23 silly registry.get cb [ 304,
23 silly registry.get   { date: 'Sat, 29 Mar 2014 08:04:20 GMT',
23 silly registry.get     server: 'Apache',
23 silly registry.get     via: '1.1 varnish',
23 silly registry.get     'last-modified': 'Sat, 29 Mar 2014 08:04:20 GMT',
23 silly registry.get     'cache-control': 'max-age=1',
23 silly registry.get     etag: '"2ZBM8W5FYC2FFU48J6Z5N42P0"',
23 silly registry.get     'x-served-by': 'cache-fra1224-FRA',
23 silly registry.get     'x-cache': 'HIT',
23 silly registry.get     'x-cache-hits': '1',
23 silly registry.get     'x-timer': 'S1396080260.396990776,VS0,VE99',
23 silly registry.get     vary: 'Accept',
23 silly registry.get     'content-length': '0',
23 silly registry.get     'keep-alive': 'timeout=10, max=50',
23 silly registry.get     connection: 'Keep-Alive' } ]
24 verbose etag requirejs from cache
25 silly addNameRange number 2 { name: 'requirejs', range: '*', hasData: true }
26 silly addNameRange versions [ 'requirejs',
26 silly addNameRange   [ '0.26.0',
26 silly addNameRange     '0.27.0',
26 silly addNameRange     '0.27.1',
26 silly addNameRange     '1.0.0',
26 silly addNameRange     '1.0.1',
26 silly addNameRange     '1.0.2',
26 silly addNameRange     '1.0.3',
26 silly addNameRange     '1.0.4',
26 silly addNameRange     '1.0.5',
26 silly addNameRange     '1.0.6',
26 silly addNameRange     '1.0.7',
26 silly addNameRange     '1.0.8',
26 silly addNameRange     '2.0.0',
26 silly addNameRange     '2.0.1',
26 silly addNameRange     '2.0.2',
26 silly addNameRange     '2.0.3',
26 silly addNameRange     '2.0.4',
26 silly addNameRange     '2.0.5',
26 silly addNameRange     '2.0.6',
26 silly addNameRange     '2.1.0',
26 silly addNameRange     '2.1.1',
26 silly addNameRange     '2.1.2',
26 silly addNameRange     '2.1.3',
26 silly addNameRange     '2.1.4',
26 silly addNameRange     '2.1.5',
26 silly addNameRange     '2.1.6',
26 silly addNameRange     '2.1.7',
26 silly addNameRange     '2.1.8',
26 silly addNameRange     '2.1.9',
26 silly addNameRange     '2.1.10',
26 silly addNameRange     '2.1.11' ] ]
27 verbose addNamed [ 'requirejs', '2.1.11' ]
28 verbose addNamed [ '2.1.11', '2.1.11' ]
29 silly lockFile b76e8723-requirejs-2-1-11 requirejs@2.1.11
30 verbose lock requirejs@2.1.11 /Users/pascalbayer/.npm/b76e8723-requirejs-2-1-11.lock
31 silly lockFile b76e8723-requirejs-2-1-11 requirejs@2.1.11
32 silly lockFile b76e8723-requirejs-2-1-11 requirejs@2.1.11
33 silly lockFile e9b02655-requirejs requirejs@
34 silly lockFile e9b02655-requirejs requirejs@
35 silly resolved [ { name: 'requirejs',
35 silly resolved     description: 'Node adapter for RequireJS, for loading AMD modules. Includes RequireJS optimizer',
35 silly resolved     version: '2.1.11',
35 silly resolved     homepage: 'http://github.com/jrburke/r.js',
35 silly resolved     author:
35 silly resolved      { name: 'James Burke',
35 silly resolved        email: 'jrburke@gmail.com',
35 silly resolved        url: 'http://github.com/jrburke' },
35 silly resolved     licenses: [ [Object], [Object] ],
35 silly resolved     repository: { type: 'git', url: 'https://github.com/jrburke/r.js.git' },
35 silly resolved     main: './bin/r.js',
35 silly resolved     bin: { 'r.js': './bin/r.js' },
35 silly resolved     engines: { node: '>=0.4.0' },
35 silly resolved     readme: '# requirejs\n\nRequireJS for use in Node. includes:\n\n* r.js: the RequireJS optimizer, and AMD runtime for use in Node.\n* require.js: The browser-based AMD loader.\n\nMore information at http://requirejs.org\n\n',
35 silly resolved     readmeFilename: 'README.md',
35 silly resolved     bugs: { url: 'https://github.com/jrburke/r.js/issues' },
35 silly resolved     _id: 'requirejs@2.1.11',
35 silly resolved     _from: 'requirejs@' } ]
36 info install requirejs@2.1.11 into /usr/local/lib
37 info installOne requirejs@2.1.11
38 info /usr/local/lib/node_modules/requirejs unbuild
39 verbose tar unpack /Users/pascalbayer/.npm/requirejs/2.1.11/package.tgz
40 silly lockFile 1e7b7797-local-lib-node-modules-requirejs tar:///usr/local/lib/node_modules/requirejs
41 verbose lock tar:///usr/local/lib/node_modules/requirejs /Users/pascalbayer/.npm/1e7b7797-local-lib-node-modules-requirejs.lock
42 silly lockFile e8ff837f-npm-requirejs-2-1-11-package-tgz tar:///Users/pascalbayer/.npm/requirejs/2.1.11/package.tgz
43 verbose lock tar:///Users/pascalbayer/.npm/requirejs/2.1.11/package.tgz /Users/pascalbayer/.npm/e8ff837f-npm-requirejs-2-1-11-package-tgz.lock
44 silly gunzTarPerm modes [ '755', '644' ]
45 silly gunzTarPerm extractEntry package.json
46 silly gunzTarPerm extractEntry README.md
47 silly gunzTarPerm extractEntry require.js
48 silly gunzTarPerm extractEntry bin/r.js
49 silly lockFile 1e7b7797-local-lib-node-modules-requirejs tar:///usr/local/lib/node_modules/requirejs
50 silly lockFile 1e7b7797-local-lib-node-modules-requirejs tar:///usr/local/lib/node_modules/requirejs
51 silly lockFile e8ff837f-npm-requirejs-2-1-11-package-tgz tar:///Users/pascalbayer/.npm/requirejs/2.1.11/package.tgz
52 silly lockFile e8ff837f-npm-requirejs-2-1-11-package-tgz tar:///Users/pascalbayer/.npm/requirejs/2.1.11/package.tgz
53 info preinstall requirejs@2.1.11
54 verbose readDependencies using package.json deps
55 verbose readDependencies using package.json deps
56 silly resolved []
57 verbose about to build /usr/local/lib/node_modules/requirejs
58 info build /usr/local/lib/node_modules/requirejs
59 verbose linkStuff [ true,
59 verbose linkStuff   '/usr/local/lib/node_modules',
59 verbose linkStuff   true,
59 verbose linkStuff   '/usr/local/lib/node_modules' ]
60 info linkStuff requirejs@2.1.11
61 verbose linkBins requirejs@2.1.11
62 verbose link bins [ { 'r.js': './bin/r.js' }, '/usr/local/bin', true ]
63 verbose linkMans requirejs@2.1.11
64 verbose rebuildBundles requirejs@2.1.11
65 info install requirejs@2.1.11
66 info postinstall requirejs@2.1.11
67 error peerinvalid The package generator-karma does not satisfy its siblings' peerDependencies requirements!
67 error peerinvalid Peer generator-angular@0.7.1 wants generator-karma@~0.6.0
68 error System Darwin 13.1.0
69 error command "node" "/usr/local/bin/npm" "install" "-g" "requirejs"
70 error cwd /Users/pascalbayer/Downloads/Development/Webprojects/bridgemvc/bridge/bridgejs
71 error node -v v0.10.26
72 error npm -v 1.4.4
73 error code EPEERINVALID
74 verbose exit [ 1, true ]
